DEBUG:root:Server (Hamilton) finished initializing on port 12003.
DEBUG:root:(Hamilton): New client connected. Current Number of clients: 1
DEBUG:root:(Hamilton): ReceivedAT kiwi.cs.ucla.edu +34.068930-118.445127 1400694645.392014450
DEBUG:root:(Hamilton): Flood Received:AT kiwi.cs.ucla.edu +34.068930-118.445127 1400694645.392014450
DEBUG:root:(Hamilton): New Client [IAMAT]: kiwi.cs.ucla.edu
DEBUG:root:(Hamilton): Flooding to neighbour (Parker)
DEBUG:root:(Hamilton): A client disconnected. Current Number of clients: 0
DEBUG:root:(Hamilton): New client connected. Current Number of clients: 1
DEBUG:root:(Hamilton): ReceivedAT bird.cs.ucla.edu +34.068930-118.445127 1400694645.392014450
DEBUG:root:(Hamilton): Flood Received:AT bird.cs.ucla.edu +34.068930-118.445127 1400694645.392014450
DEBUG:root:(Hamilton): New Client [IAMAT]: bird.cs.ucla.edu
DEBUG:root:(Hamilton): Flooding to neighbour (Parker)
DEBUG:root:(Hamilton): A client disconnected. Current Number of clients: 0
DEBUG:root:Server (Hamilton) finished initializing on port 12003.
DEBUG:root:(Hamilton): New client connected. Current Number of clients: 1
DEBUG:root:(Hamilton): ReceivedAT kiwi.cs.ucla.edu +34.068930-118.445127 1400794645.392014450
DEBUG:root:(Hamilton): Flood Received:AT kiwi.cs.ucla.edu +34.068930-118.445127 1400794645.392014450
DEBUG:root:(Hamilton): New Client [IAMAT]: kiwi.cs.ucla.edu
DEBUG:root:(Hamilton): Flooding to neighbour (Parker)
DEBUG:root:(Hamilton): A client disconnected. Current Number of clients: 0
DEBUG:root:Server (Hamilton) finished initializing on port 12003.
DEBUG:root:(Hamilton): New client connected. Current Number of clients: 1
DEBUG:root:(Hamilton): ReceivedAT kiwi.cs.ucla.edu +34.068930-118.445127 1400794645.392014450
DEBUG:root:(Hamilton): Flood Received:AT kiwi.cs.ucla.edu +34.068930-118.445127 1400794645.392014450
DEBUG:root:(Hamilton): New Client [IAMAT]: kiwi.cs.ucla.edu
DEBUG:root:(Hamilton): Flooding to neighbour (Parker)
DEBUG:root:(Hamilton): A client disconnected. Current Number of clients: 0
DEBUG:root:Server (Hamilton) finished initializing on port 12003.
DEBUG:root:(Hamilton): New client connected. Current Number of clients: 1
DEBUG:root:(Hamilton): ReceivedAT kiwi.cs.ucla.edu +34.068930-118.445127 1400794645.392014450
DEBUG:root:(Hamilton): Flood Received:AT kiwi.cs.ucla.edu +34.068930-118.445127 1400794645.392014450
DEBUG:root:(Hamilton): New Client [IAMAT]: kiwi.cs.ucla.edu
DEBUG:root:(Hamilton): Flooding to neighbour (Parker)
DEBUG:root:(Hamilton): A client disconnected. Current Number of clients: 0
DEBUG:root:Server (Hamilton) finished initializing on port 12003.
DEBUG:root:(Hamilton): New client connected. Current Number of clients: 1
DEBUG:root:(Hamilton): ReceivedAT kiwi.cs.ucla.edu +34.068930-118.445127 1400794645.392014450
DEBUG:root:(Hamilton): Flood Received:AT kiwi.cs.ucla.edu +34.068930-118.445127 1400794645.392014450
DEBUG:root:(Hamilton): New Client [IAMAT]: kiwi.cs.ucla.edu
DEBUG:root:(Hamilton): Flooding to neighbour (Parker)
DEBUG:root:(Hamilton): A client disconnected. Current Number of clients: 0
DEBUG:root:Server (Hamilton) finished initializing on port 12003.
DEBUG:root:(Hamilton): New client connected. Current Number of clients: 1
DEBUG:root:(Hamilton): ReceivedAT kiwi.cs.ucla.edu +34.068930-118.445127 1400794645.392014450
DEBUG:root:(Hamilton): Flood Received:AT kiwi.cs.ucla.edu +34.068930-118.445127 1400794645.392014450
DEBUG:root:(Hamilton): New Client [IAMAT]: kiwi.cs.ucla.edu
DEBUG:root:(Hamilton): Flooding to neighbour (Parker)
DEBUG:root:(Hamilton): A client disconnected. Current Number of clients: 0
DEBUG:root:Server (Hamilton) finished initializing on port 12003.
DEBUG:root:(Hamilton): New client connected. Current Number of clients: 1
DEBUG:root:(Hamilton): ReceivedAT kiwi.cs.ucla.edu +34.068930-118.445127 1400794645.392014450
DEBUG:root:(Hamilton): Flood Received:AT kiwi.cs.ucla.edu +34.068930-118.445127 1400794645.392014450
DEBUG:root:(Hamilton): New Client [IAMAT]: kiwi.cs.ucla.edu
DEBUG:root:(Hamilton): Flooding to neighbour (Parker)
DEBUG:root:(Hamilton): A client disconnected. Current Number of clients: 0
DEBUG:root:Server (Hamilton) finished initializing on port 12003.
DEBUG:root:(Hamilton): New client connected. Current Number of clients: 1
DEBUG:root:(Hamilton): ReceivedAT kiwi.cs.ucla.edu +34.068930-118.445127 1400794645.392014450
DEBUG:root:(Hamilton): Flood Received:AT kiwi.cs.ucla.edu +34.068930-118.445127 1400794645.392014450
DEBUG:root:(Hamilton): New Client [IAMAT]: kiwi.cs.ucla.edu
DEBUG:root:(Hamilton): Flooding to neighbour (Parker)
DEBUG:root:(Hamilton): A client disconnected. Current Number of clients: 0
DEBUG:root:Server (Hamilton) finished initializing on port 12003.
DEBUG:root:(Hamilton): New client connected. Current Number of clients: 1
DEBUG:root:(Hamilton): ReceivedAT kiwi.cs.ucla.edu +34.068930-118.445127 1400794645.392014450
DEBUG:root:(Hamilton): Flood Received:AT kiwi.cs.ucla.edu +34.068930-118.445127 1400794645.392014450
DEBUG:root:(Hamilton): New Client [IAMAT]: kiwi.cs.ucla.edu
DEBUG:root:(Hamilton): Flooding to neighbour (Parker)
DEBUG:root:(Hamilton): A client disconnected. Current Number of clients: 0
DEBUG:root:Server (Hamilton) finished initializing on port 12003.
DEBUG:root:Server (Hamilton) finished initializing on port 12003.
DEBUG:root:Server (Hamilton) finished initializing on port 12003.
DEBUG:root:Server (Hamilton) finished initializing on port 12003.
DEBUG:root:Server (Hamilton) finished initializing on port 12003.
DEBUG:root:Server (Hamilton) finished initializing on port 12003.
DEBUG:root:(Hamilton): New client connected. Current Number of clients: 1
DEBUG:root:(Hamilton): ReceivedAT Bolden +24460527.6043 kiwi.cs.ucla.edu Parker 1400794645.392014450
DEBUG:root:(Hamilton): Flood Received:AT Bolden +24460527.6043 kiwi.cs.ucla.edu Parker 1400794645.392014450
DEBUG:root:(Hamilton): New Client [IAMAT]: kiwi.cs.ucla.edu
DEBUG:root:(Hamilton): Flooding to neighbour (Parker)
DEBUG:root:(Hamilton): A client disconnected. Current Number of clients: 0
DEBUG:root:Server (Hamilton) finished initializing on port 12003.
DEBUG:root:(Hamilton): New client connected. Current Number of clients: 1
DEBUG:root:(Hamilton): ReceivedAT Bolden +24460886.3059 kiwi.cs.ucla.edu Parker 1400794645.392014450
DEBUG:root:(Hamilton): Flood Received:AT Bolden +24460886.3059 kiwi.cs.ucla.edu Parker 1400794645.392014450
DEBUG:root:(Hamilton): New Client [IAMAT]: kiwi.cs.ucla.edu
DEBUG:root:(Hamilton): Flooding to neighbour (Parker)
DEBUG:root:(Hamilton): A client disconnected. Current Number of clients: 0
DEBUG:root:Server (Hamilton) finished initializing on port 12003.
DEBUG:root:(Hamilton): New client connected. Current Number of clients: 1
DEBUG:root:(Hamilton): ReceivedAT Bolden +24461097.2923 kiwi.cs.ucla.edu Parker 1400794645.392014450
DEBUG:root:(Hamilton): Flood Received:AT Bolden +24461097.2923 kiwi.cs.ucla.edu Parker 1400794645.392014450
DEBUG:root:(Hamilton): New Client [IAMAT]: kiwi.cs.ucla.edu
DEBUG:root:(Hamilton): Flooding to neighbour (Parker)
DEBUG:root:(Hamilton): A client disconnected. Current Number of clients: 0
DEBUG:root:Server (Hamilton) finished initializing on port 12003.
DEBUG:root:(Hamilton): New client connected. Current Number of clients: 1
DEBUG:root:(Hamilton): ReceivedAT Bolden +24461159.2343 kiwi.cs.ucla.edu Parker 1400794645.392014450
DEBUG:root:(Hamilton): Flood Received:AT Bolden +24461159.2343 kiwi.cs.ucla.edu Parker 1400794645.392014450
DEBUG:root:(Hamilton): New Client [IAMAT]: kiwi.cs.ucla.edu
DEBUG:root:(Hamilton): Flooding to neighbour (Parker)
DEBUG:root:(Hamilton): A client disconnected. Current Number of clients: 0
DEBUG:root:Server (Hamilton) finished initializing on port 12003.
DEBUG:root:(Hamilton): New client connected. Current Number of clients: 1
DEBUG:root:(Hamilton): ReceivedAT Bolden +24461219.8613 kiwi.cs.ucla.edu Parker 1400794645.392014450
DEBUG:root:(Hamilton): Flood Received:AT Bolden +24461219.8613 kiwi.cs.ucla.edu Parker 1400794645.392014450
DEBUG:root:(Hamilton): New Client [IAMAT]: kiwi.cs.ucla.edu
DEBUG:root:(Hamilton): Flooding to neighbour (Parker)
DEBUG:root:(Hamilton): A client disconnected. Current Number of clients: 0
DEBUG:root:Server (Hamilton) finished initializing on port 12003.
DEBUG:root:(Hamilton): New client connected. Current Number of clients: 1
DEBUG:root:(Hamilton): ReceivedAT Bolden +24461367.8692 kiwi.cs.ucla.edu Parker 1400794645.392014450
DEBUG:root:(Hamilton): Flood Received:AT Bolden +24461367.8692 kiwi.cs.ucla.edu Parker 1400794645.392014450
DEBUG:root:(Hamilton): New Client [IAMAT]: kiwi.cs.ucla.edu
DEBUG:root:(Hamilton): Flooding to neighbour (Parker)
DEBUG:root:(Hamilton): A client disconnected. Current Number of clients: 0
DEBUG:root:Server (Hamilton) finished initializing on port 12003.
DEBUG:root:(Hamilton): New client connected. Current Number of clients: 1
DEBUG:root:(Hamilton): ReceivedAT Bolden +24461459.1361 kiwi.cs.ucla.edu Parker 1400794645.392014450
DEBUG:root:(Hamilton): Flood Received:AT Bolden +24461459.1361 kiwi.cs.ucla.edu Parker 1400794645.392014450
DEBUG:root:(Hamilton): New Client [IAMAT]: kiwi.cs.ucla.edu
DEBUG:root:(Hamilton): Flooding to neighbour (Parker)
DEBUG:root:(Hamilton): A client disconnected. Current Number of clients: 0
DEBUG:root:Server (Hamilton) finished initializing on port 12003.
DEBUG:root:(Hamilton): New client connected. Current Number of clients: 1
DEBUG:root:(Hamilton): ReceivedAT Bolden +24461674.2133 kiwi.cs.ucla.edu Parker 1400794645.392014450
DEBUG:root:(Hamilton): Flood Received:AT Bolden +24461674.2133 kiwi.cs.ucla.edu Parker 1400794645.392014450
DEBUG:root:(Hamilton): New Client [IAMAT]: kiwi.cs.ucla.edu
DEBUG:root:(Hamilton): Flooding to neighbour (Parker)
DEBUG:root:(Hamilton): A client disconnected. Current Number of clients: 0
DEBUG:root:Server (Hamilton) finished initializing on port 12003.
DEBUG:root:(Hamilton): New client connected. Current Number of clients: 1
DEBUG:root:(Hamilton): ReceivedAT Bolden +24461759.2837 kiwi.cs.ucla.edu Parker 1400794645.392014450
DEBUG:root:(Hamilton): Flood Received:AT Bolden +24461759.2837 kiwi.cs.ucla.edu Parker 1400794645.392014450
DEBUG:root:(Hamilton): New Client [IAMAT]: kiwi.cs.ucla.edu
DEBUG:root:(Hamilton): Flooding to neighbour (Parker)
DEBUG:root:(Hamilton): A client disconnected. Current Number of clients: 0
DEBUG:root:Server (Hamilton) finished initializing on port 12003.
DEBUG:root:Server (Hamilton) finished initializing on port 12003.
DEBUG:root:(Hamilton): New client connected. Current Number of clients: 1
DEBUG:root:(Hamilton): ReceivedAT Bolden +24461923.3584 kiwi.cs.ucla.edu Parker 1400794645.392014450
DEBUG:root:(Hamilton): Flood Received:AT Bolden +24461923.3584 kiwi.cs.ucla.edu Parker 1400794645.392014450
DEBUG:root:(Hamilton): New Client [IAMAT]: kiwi.cs.ucla.edu
DEBUG:root:(Hamilton): Flooding to neighbour (Parker)
DEBUG:root:(Hamilton): A client disconnected. Current Number of clients: 0
DEBUG:root:Server (Hamilton) finished initializing on port 12003.
DEBUG:root:(Hamilton): New client connected. Current Number of clients: 1
DEBUG:root:(Hamilton): ReceivedAT Bolden +24462051.5878 kiwi.cs.ucla.edu Parker 1400794645.392014450
DEBUG:root:(Hamilton): Flood Received:AT Bolden +24462051.5878 kiwi.cs.ucla.edu Parker 1400794645.392014450
DEBUG:root:(Hamilton): New Client [IAMAT]: kiwi.cs.ucla.edu
DEBUG:root:(Hamilton): Flooding to neighbour (Parker)
DEBUG:root:(Hamilton): A client disconnected. Current Number of clients: 0
DEBUG:root:Server (Hamilton) finished initializing on port 12003.
DEBUG:root:(Hamilton): New client connected. Current Number of clients: 1
DEBUG:root:(Hamilton): ReceivedAT Bolden +24462209.6697 kiwi.cs.ucla.edu Parker 1400794645.392014450
DEBUG:root:(Hamilton): Flood Received:AT Bolden +24462209.6697 kiwi.cs.ucla.edu Parker 1400794645.392014450
DEBUG:root:(Hamilton): New Client [IAMAT]: kiwi.cs.ucla.edu
DEBUG:root:(Hamilton): Flooding to neighbour (Parker)
DEBUG:root:(Hamilton): A client disconnected. Current Number of clients: 0
