DEBUG:root:Server (Powell) finished initializing on port 12005.
DEBUG:root:(Powell): New client connected. Current Number of clients: 1
DEBUG:root:(Powell): ReceivedAT kiwi.cs.ucla.edu +34.068930-118.445127 1400694645.392014450
DEBUG:root:(Powell): Flood Received:AT kiwi.cs.ucla.edu +34.068930-118.445127 1400694645.392014450
DEBUG:root:(Powell): New Client [IAMAT]: kiwi.cs.ucla.edu
DEBUG:root:(Powell): Flooding to neighbour (Alford)
DEBUG:root:(Powell): Flooding to neighbour (Bolden)
DEBUG:root:(Powell): A client disconnected. Current Number of clients: 0
DEBUG:root:(Powell): New client connected. Current Number of clients: 1
DEBUG:root:(Powell): ReceivedAT kiwi.cs.ucla.edu +34.068930-118.445127 1400694645.392014450
DEBUG:root:(Powell): Flood Received:AT kiwi.cs.ucla.edu +34.068930-118.445127 1400694645.392014450
DEBUG:root:(Powell): Existing Client Expired [IAMAT]: kiwi.cs.ucla.edu
DEBUG:root:(Powell): A client disconnected. Current Number of clients: 0
DEBUG:root:(Powell): New client connected. Current Number of clients: 1
DEBUG:root:(Powell): ReceivedAT bird.cs.ucla.edu +34.068930-118.445127 1400694645.392014450
DEBUG:root:(Powell): Flood Received:AT bird.cs.ucla.edu +34.068930-118.445127 1400694645.392014450
DEBUG:root:(Powell): New Client [IAMAT]: bird.cs.ucla.edu
DEBUG:root:(Powell): Flooding to neighbour (Alford)
DEBUG:root:(Powell): Flooding to neighbour (Bolden)
DEBUG:root:(Powell): A client disconnected. Current Number of clients: 0
DEBUG:root:(Powell): New client connected. Current Number of clients: 1
DEBUG:root:(Powell): ReceivedAT bird.cs.ucla.edu +34.068930-118.445127 1400694645.392014450
DEBUG:root:(Powell): Flood Received:AT bird.cs.ucla.edu +34.068930-118.445127 1400694645.392014450
DEBUG:root:(Powell): Existing Client Expired [IAMAT]: bird.cs.ucla.edu
DEBUG:root:(Powell): A client disconnected. Current Number of clients: 0
DEBUG:root:Server (Powell) finished initializing on port 12005.
DEBUG:root:(Powell): New client connected. Current Number of clients: 1
DEBUG:root:(Powell): ReceivedAT kiwi.cs.ucla.edu +34.068930-118.445127 1400794645.392014450
DEBUG:root:(Powell): Flood Received:AT kiwi.cs.ucla.edu +34.068930-118.445127 1400794645.392014450
DEBUG:root:(Powell): New Client [IAMAT]: kiwi.cs.ucla.edu
DEBUG:root:(Powell): Flooding to neighbour (Alford)
DEBUG:root:(Powell): Flooding to neighbour (Bolden)
DEBUG:root:(Powell): A client disconnected. Current Number of clients: 0
DEBUG:root:(Powell): New client connected. Current Number of clients: 1
DEBUG:root:(Powell): ReceivedAT kiwi.cs.ucla.edu +34.068930-118.445127 1400794645.392014450
DEBUG:root:(Powell): Flood Received:AT kiwi.cs.ucla.edu +34.068930-118.445127 1400794645.392014450
DEBUG:root:(Powell): Existing Client Expired [IAMAT]: kiwi.cs.ucla.edu
DEBUG:root:(Powell): A client disconnected. Current Number of clients: 0
DEBUG:root:Server (Powell) finished initializing on port 12005.
DEBUG:root:(Powell): New client connected. Current Number of clients: 1
DEBUG:root:(Powell): ReceivedAT kiwi.cs.ucla.edu +34.068930-118.445127 1400794645.392014450
DEBUG:root:(Powell): Flood Received:AT kiwi.cs.ucla.edu +34.068930-118.445127 1400794645.392014450
DEBUG:root:(Powell): New Client [IAMAT]: kiwi.cs.ucla.edu
DEBUG:root:(Powell): Flooding to neighbour (Alford)
DEBUG:root:(Powell): Flooding to neighbour (Bolden)
DEBUG:root:(Powell): A client disconnected. Current Number of clients: 0
DEBUG:root:(Powell): New client connected. Current Number of clients: 1
DEBUG:root:(Powell): ReceivedAT kiwi.cs.ucla.edu +34.068930-118.445127 1400794645.392014450
DEBUG:root:(Powell): Flood Received:AT kiwi.cs.ucla.edu +34.068930-118.445127 1400794645.392014450
DEBUG:root:(Powell): Existing Client Expired [IAMAT]: kiwi.cs.ucla.edu
DEBUG:root:(Powell): A client disconnected. Current Number of clients: 0
DEBUG:root:Server (Powell) finished initializing on port 12005.
DEBUG:root:(Powell): New client connected. Current Number of clients: 1
DEBUG:root:(Powell): ReceivedAT kiwi.cs.ucla.edu +34.068930-118.445127 1400794645.392014450
DEBUG:root:(Powell): Flood Received:AT kiwi.cs.ucla.edu +34.068930-118.445127 1400794645.392014450
DEBUG:root:(Powell): New Client [IAMAT]: kiwi.cs.ucla.edu
DEBUG:root:(Powell): Flooding to neighbour (Alford)
DEBUG:root:(Powell): Flooding to neighbour (Bolden)
DEBUG:root:(Powell): A client disconnected. Current Number of clients: 0
DEBUG:root:(Powell): New client connected. Current Number of clients: 1
DEBUG:root:(Powell): ReceivedAT kiwi.cs.ucla.edu +34.068930-118.445127 1400794645.392014450
DEBUG:root:(Powell): Flood Received:AT kiwi.cs.ucla.edu +34.068930-118.445127 1400794645.392014450
DEBUG:root:(Powell): Existing Client Expired [IAMAT]: kiwi.cs.ucla.edu
DEBUG:root:(Powell): A client disconnected. Current Number of clients: 0
DEBUG:root:Server (Powell) finished initializing on port 12005.
DEBUG:root:(Powell): New client connected. Current Number of clients: 1
DEBUG:root:(Powell): ReceivedAT kiwi.cs.ucla.edu +34.068930-118.445127 1400794645.392014450
DEBUG:root:(Powell): Flood Received:AT kiwi.cs.ucla.edu +34.068930-118.445127 1400794645.392014450
DEBUG:root:(Powell): New Client [IAMAT]: kiwi.cs.ucla.edu
DEBUG:root:(Powell): Flooding to neighbour (Alford)
DEBUG:root:(Powell): Flooding to neighbour (Bolden)
DEBUG:root:(Powell): A client disconnected. Current Number of clients: 0
DEBUG:root:(Powell): New client connected. Current Number of clients: 1
DEBUG:root:(Powell): ReceivedAT kiwi.cs.ucla.edu +34.068930-118.445127 1400794645.392014450
DEBUG:root:(Powell): Flood Received:AT kiwi.cs.ucla.edu +34.068930-118.445127 1400794645.392014450
DEBUG:root:(Powell): Existing Client Expired [IAMAT]: kiwi.cs.ucla.edu
DEBUG:root:(Powell): A client disconnected. Current Number of clients: 0
DEBUG:root:Server (Powell) finished initializing on port 12005.
DEBUG:root:(Powell): New client connected. Current Number of clients: 1
DEBUG:root:(Powell): ReceivedAT kiwi.cs.ucla.edu +34.068930-118.445127 1400794645.392014450
DEBUG:root:(Powell): Flood Received:AT kiwi.cs.ucla.edu +34.068930-118.445127 1400794645.392014450
DEBUG:root:(Powell): New Client [IAMAT]: kiwi.cs.ucla.edu
DEBUG:root:(Powell): Flooding to neighbour (Alford)
DEBUG:root:(Powell): Flooding to neighbour (Bolden)
DEBUG:root:(Powell): A client disconnected. Current Number of clients: 0
DEBUG:root:(Powell): New client connected. Current Number of clients: 1
DEBUG:root:(Powell): ReceivedAT kiwi.cs.ucla.edu +34.068930-118.445127 1400794645.392014450
DEBUG:root:(Powell): Flood Received:AT kiwi.cs.ucla.edu +34.068930-118.445127 1400794645.392014450
DEBUG:root:(Powell): Existing Client Expired [IAMAT]: kiwi.cs.ucla.edu
DEBUG:root:(Powell): A client disconnected. Current Number of clients: 0
DEBUG:root:Server (Powell) finished initializing on port 12005.
DEBUG:root:(Powell): New client connected. Current Number of clients: 1
DEBUG:root:(Powell): ReceivedAT kiwi.cs.ucla.edu +34.068930-118.445127 1400794645.392014450
DEBUG:root:(Powell): Flood Received:AT kiwi.cs.ucla.edu +34.068930-118.445127 1400794645.392014450
DEBUG:root:(Powell): New Client [IAMAT]: kiwi.cs.ucla.edu
DEBUG:root:(Powell): Flooding to neighbour (Alford)
DEBUG:root:(Powell): Flooding to neighbour (Bolden)
DEBUG:root:(Powell): A client disconnected. Current Number of clients: 0
DEBUG:root:(Powell): New client connected. Current Number of clients: 1
DEBUG:root:(Powell): ReceivedAT kiwi.cs.ucla.edu +34.068930-118.445127 1400794645.392014450
DEBUG:root:(Powell): Flood Received:AT kiwi.cs.ucla.edu +34.068930-118.445127 1400794645.392014450
DEBUG:root:(Powell): Existing Client Expired [IAMAT]: kiwi.cs.ucla.edu
DEBUG:root:(Powell): A client disconnected. Current Number of clients: 0
DEBUG:root:Server (Powell) finished initializing on port 12005.
DEBUG:root:(Powell): New client connected. Current Number of clients: 1
DEBUG:root:(Powell): ReceivedAT kiwi.cs.ucla.edu +34.068930-118.445127 1400794645.392014450
DEBUG:root:(Powell): Flood Received:AT kiwi.cs.ucla.edu +34.068930-118.445127 1400794645.392014450
DEBUG:root:(Powell): New Client [IAMAT]: kiwi.cs.ucla.edu
DEBUG:root:(Powell): Flooding to neighbour (Alford)
DEBUG:root:(Powell): Flooding to neighbour (Bolden)
DEBUG:root:(Powell): A client disconnected. Current Number of clients: 0
DEBUG:root:(Powell): New client connected. Current Number of clients: 1
DEBUG:root:(Powell): ReceivedAT kiwi.cs.ucla.edu +34.068930-118.445127 1400794645.392014450
DEBUG:root:(Powell): Flood Received:AT kiwi.cs.ucla.edu +34.068930-118.445127 1400794645.392014450
DEBUG:root:(Powell): Existing Client Expired [IAMAT]: kiwi.cs.ucla.edu
DEBUG:root:(Powell): A client disconnected. Current Number of clients: 0
DEBUG:root:Server (Powell) finished initializing on port 12005.
DEBUG:root:(Powell): New client connected. Current Number of clients: 1
DEBUG:root:(Powell): ReceivedAT kiwi.cs.ucla.edu +34.068930-118.445127 1400794645.392014450
DEBUG:root:(Powell): Flood Received:AT kiwi.cs.ucla.edu +34.068930-118.445127 1400794645.392014450
DEBUG:root:(Powell): New Client [IAMAT]: kiwi.cs.ucla.edu
DEBUG:root:(Powell): Flooding to neighbour (Alford)
DEBUG:root:(Powell): Flooding to neighbour (Bolden)
DEBUG:root:(Powell): A client disconnected. Current Number of clients: 0
DEBUG:root:(Powell): New client connected. Current Number of clients: 1
DEBUG:root:(Powell): ReceivedAT kiwi.cs.ucla.edu +34.068930-118.445127 1400794645.392014450
DEBUG:root:(Powell): Flood Received:AT kiwi.cs.ucla.edu +34.068930-118.445127 1400794645.392014450
DEBUG:root:(Powell): Existing Client Expired [IAMAT]: kiwi.cs.ucla.edu
DEBUG:root:(Powell): A client disconnected. Current Number of clients: 0
DEBUG:root:Server (Powell) finished initializing on port 12005.
DEBUG:root:Server (Powell) finished initializing on port 12005.
DEBUG:root:(Powell): New client connected. Current Number of clients: 1
DEBUG:root:(Powell): ReceivedAT Bolden +24460059.0944 kiwi.cs.ucla.edu +34.068930-118.445127 1400794645.392014450
DEBUG:root:(Powell): Invalid AT Request.
DEBUG:root:(Powell): A client disconnected. Current Number of clients: 0
DEBUG:root:Server (Powell) finished initializing on port 12005.
DEBUG:root:(Powell): New client connected. Current Number of clients: 1
DEBUG:root:(Powell): ReceivedAT Bolden +24460228.0175 kiwi.cs.ucla.edu +34.068930-118.445127 1400794645.392014450
DEBUG:root:(Powell): Invalid AT Request.
DEBUG:root:(Powell): A client disconnected. Current Number of clients: 0
DEBUG:root:Server (Powell) finished initializing on port 12005.
DEBUG:root:(Powell): New client connected. Current Number of clients: 1
DEBUG:root:(Powell): ReceivedAT Bolden +24460251.4284 kiwi.cs.ucla.edu +34.068930-118.445127 1400794645.392014450
DEBUG:root:(Powell): A client disconnected. Current Number of clients: 0
DEBUG:root:Server (Powell) finished initializing on port 12005.
DEBUG:root:(Powell): New client connected. Current Number of clients: 1
DEBUG:root:(Powell): ReceivedAT Bolden +24460454.9262 kiwi.cs.ucla.edu +34.068930-118.445127 1400794645.392014450
DEBUG:root:(Powell): Flood Received:AT Bolden +24460454.9262 kiwi.cs.ucla.edu +34.068930-118.445127 1400794645.392014450
DEBUG:root:(Powell): New Client [IAMAT]: kiwi.cs.ucla.edu
DEBUG:root:(Powell): A client disconnected. Current Number of clients: 0
DEBUG:root:Server (Powell) finished initializing on port 12005.
DEBUG:root:(Powell): New client connected. Current Number of clients: 1
DEBUG:root:(Powell): ReceivedAT Bolden +24460527.6043 kiwi.cs.ucla.edu +34.068930-118.445127 1400794645.392014450
DEBUG:root:(Powell): Flood Received:AT Bolden +24460527.6043 kiwi.cs.ucla.edu +34.068930-118.445127 1400794645.392014450
DEBUG:root:(Powell): New Client [IAMAT]: kiwi.cs.ucla.edu
DEBUG:root:(Powell): Flooding to neighbour (Alford)
DEBUG:root:(Powell): Flooding to neighbour (Bolden)
DEBUG:root:(Powell): A client disconnected. Current Number of clients: 0
DEBUG:root:(Powell): New client connected. Current Number of clients: 1
DEBUG:root:(Powell): ReceivedAT Bolden +24460527.6043 kiwi.cs.ucla.edu Alford 1400794645.392014450
DEBUG:root:(Powell): Flood Received:AT Bolden +24460527.6043 kiwi.cs.ucla.edu Alford 1400794645.392014450
DEBUG:root:(Powell): Existing Client Expired [IAMAT]: kiwi.cs.ucla.edu
DEBUG:root:(Powell): A client disconnected. Current Number of clients: 0
DEBUG:root:Server (Powell) finished initializing on port 12005.
DEBUG:root:(Powell): New client connected. Current Number of clients: 1
DEBUG:root:(Powell): ReceivedAT Bolden +24460886.3059 kiwi.cs.ucla.edu +34.068930-118.445127 1400794645.392014450
DEBUG:root:(Powell): Flood Received:AT Bolden +24460886.3059 kiwi.cs.ucla.edu +34.068930-118.445127 1400794645.392014450
DEBUG:root:(Powell): New Client [IAMAT]: kiwi.cs.ucla.edu
DEBUG:root:(Powell): Flooding to neighbour (Alford)
DEBUG:root:(Powell): Flooding to neighbour (Bolden)
DEBUG:root:(Powell): A client disconnected. Current Number of clients: 0
DEBUG:root:(Powell): New client connected. Current Number of clients: 1
DEBUG:root:(Powell): ReceivedAT Bolden +24460886.3059 kiwi.cs.ucla.edu Alford 1400794645.392014450
DEBUG:root:(Powell): Flood Received:AT Bolden +24460886.3059 kiwi.cs.ucla.edu Alford 1400794645.392014450
DEBUG:root:(Powell): Existing Client Expired [IAMAT]: kiwi.cs.ucla.edu
DEBUG:root:(Powell): A client disconnected. Current Number of clients: 0
DEBUG:root:Server (Powell) finished initializing on port 12005.
DEBUG:root:(Powell): New client connected. Current Number of clients: 1
DEBUG:root:(Powell): ReceivedAT Bolden +24461097.2923 kiwi.cs.ucla.edu +34.068930-118.445127 1400794645.392014450
DEBUG:root:(Powell): Flood Received:AT Bolden +24461097.2923 kiwi.cs.ucla.edu +34.068930-118.445127 1400794645.392014450
DEBUG:root:(Powell): New Client [IAMAT]: kiwi.cs.ucla.edu
DEBUG:root:(Powell): Flooding to neighbour (Alford)
DEBUG:root:(Powell): Flooding to neighbour (Bolden)
DEBUG:root:(Powell): A client disconnected. Current Number of clients: 0
DEBUG:root:(Powell): New client connected. Current Number of clients: 1
DEBUG:root:(Powell): ReceivedAT Bolden +24461097.2923 kiwi.cs.ucla.edu Alford 1400794645.392014450
DEBUG:root:(Powell): Flood Received:AT Bolden +24461097.2923 kiwi.cs.ucla.edu Alford 1400794645.392014450
DEBUG:root:(Powell): Existing Client Expired [IAMAT]: kiwi.cs.ucla.edu
DEBUG:root:(Powell): A client disconnected. Current Number of clients: 0
DEBUG:root:Server (Powell) finished initializing on port 12005.
DEBUG:root:(Powell): New client connected. Current Number of clients: 1
DEBUG:root:(Powell): ReceivedAT Bolden +24461159.2343 kiwi.cs.ucla.edu +34.068930-118.445127 1400794645.392014450
DEBUG:root:(Powell): Flood Received:AT Bolden +24461159.2343 kiwi.cs.ucla.edu +34.068930-118.445127 1400794645.392014450
DEBUG:root:(Powell): New Client [IAMAT]: kiwi.cs.ucla.edu
DEBUG:root:(Powell): Flooding to neighbour (Alford)
DEBUG:root:(Powell): Flooding to neighbour (Bolden)
DEBUG:root:(Powell): A client disconnected. Current Number of clients: 0
DEBUG:root:(Powell): New client connected. Current Number of clients: 1
DEBUG:root:(Powell): ReceivedAT Bolden +24461159.2343 kiwi.cs.ucla.edu Alford 1400794645.392014450
DEBUG:root:(Powell): Flood Received:AT Bolden +24461159.2343 kiwi.cs.ucla.edu Alford 1400794645.392014450
DEBUG:root:(Powell): Existing Client Expired [IAMAT]: kiwi.cs.ucla.edu
DEBUG:root:(Powell): A client disconnected. Current Number of clients: 0
DEBUG:root:Server (Powell) finished initializing on port 12005.
DEBUG:root:(Powell): New client connected. Current Number of clients: 1
DEBUG:root:(Powell): ReceivedAT Bolden +24461219.8613 kiwi.cs.ucla.edu +34.068930-118.445127 1400794645.392014450
DEBUG:root:(Powell): Flood Received:AT Bolden +24461219.8613 kiwi.cs.ucla.edu +34.068930-118.445127 1400794645.392014450
DEBUG:root:(Powell): New Client [IAMAT]: kiwi.cs.ucla.edu
DEBUG:root:(Powell): Flooding to neighbour (Alford)
DEBUG:root:(Powell): Flooding to neighbour (Bolden)
DEBUG:root:(Powell): A client disconnected. Current Number of clients: 0
DEBUG:root:(Powell): New client connected. Current Number of clients: 1
DEBUG:root:(Powell): ReceivedAT Bolden +24461219.8613 kiwi.cs.ucla.edu Alford 1400794645.392014450
DEBUG:root:(Powell): Flood Received:AT Bolden +24461219.8613 kiwi.cs.ucla.edu Alford 1400794645.392014450
DEBUG:root:(Powell): Existing Client Expired [IAMAT]: kiwi.cs.ucla.edu
DEBUG:root:(Powell): A client disconnected. Current Number of clients: 0
DEBUG:root:Server (Powell) finished initializing on port 12005.
DEBUG:root:(Powell): New client connected. Current Number of clients: 1
DEBUG:root:(Powell): ReceivedAT Bolden +24461367.8692 kiwi.cs.ucla.edu +34.068930-118.445127 1400794645.392014450
DEBUG:root:(Powell): Flood Received:AT Bolden +24461367.8692 kiwi.cs.ucla.edu +34.068930-118.445127 1400794645.392014450
DEBUG:root:(Powell): New Client [IAMAT]: kiwi.cs.ucla.edu
DEBUG:root:(Powell): Flooding to neighbour (Alford)
DEBUG:root:(Powell): Flooding to neighbour (Bolden)
DEBUG:root:(Powell): A client disconnected. Current Number of clients: 0
DEBUG:root:(Powell): New client connected. Current Number of clients: 1
DEBUG:root:(Powell): ReceivedAT Bolden +24461367.8692 kiwi.cs.ucla.edu Alford 1400794645.392014450
DEBUG:root:(Powell): Flood Received:AT Bolden +24461367.8692 kiwi.cs.ucla.edu Alford 1400794645.392014450
DEBUG:root:(Powell): Existing Client Expired [IAMAT]: kiwi.cs.ucla.edu
DEBUG:root:(Powell): A client disconnected. Current Number of clients: 0
DEBUG:root:Server (Powell) finished initializing on port 12005.
DEBUG:root:(Powell): New client connected. Current Number of clients: 1
DEBUG:root:(Powell): ReceivedAT Bolden +24461459.1361 kiwi.cs.ucla.edu +34.068930-118.445127 1400794645.392014450
DEBUG:root:(Powell): Flood Received:AT Bolden +24461459.1361 kiwi.cs.ucla.edu +34.068930-118.445127 1400794645.392014450
DEBUG:root:(Powell): New Client [IAMAT]: kiwi.cs.ucla.edu
DEBUG:root:(Powell): Flooding to neighbour (Alford)
DEBUG:root:(Powell): Flooding to neighbour (Bolden)
DEBUG:root:(Powell): A client disconnected. Current Number of clients: 0
DEBUG:root:(Powell): New client connected. Current Number of clients: 1
DEBUG:root:(Powell): ReceivedAT Bolden +24461459.1361 kiwi.cs.ucla.edu Alford 1400794645.392014450
DEBUG:root:(Powell): Flood Received:AT Bolden +24461459.1361 kiwi.cs.ucla.edu Alford 1400794645.392014450
DEBUG:root:(Powell): Existing Client Expired [IAMAT]: kiwi.cs.ucla.edu
DEBUG:root:(Powell): A client disconnected. Current Number of clients: 0
DEBUG:root:Server (Powell) finished initializing on port 12005.
DEBUG:root:(Powell): New client connected. Current Number of clients: 1
DEBUG:root:(Powell): ReceivedAT Bolden +24461674.2133 kiwi.cs.ucla.edu +34.068930-118.445127 1400794645.392014450
DEBUG:root:(Powell): Flood Received:AT Bolden +24461674.2133 kiwi.cs.ucla.edu +34.068930-118.445127 1400794645.392014450
DEBUG:root:(Powell): New Client [IAMAT]: kiwi.cs.ucla.edu
DEBUG:root:(Powell): Flooding to neighbour (Alford)
DEBUG:root:(Powell): Flooding to neighbour (Bolden)
DEBUG:root:(Powell): A client disconnected. Current Number of clients: 0
DEBUG:root:(Powell): New client connected. Current Number of clients: 1
DEBUG:root:(Powell): ReceivedAT Bolden +24461674.2133 kiwi.cs.ucla.edu Alford 1400794645.392014450
DEBUG:root:(Powell): Flood Received:AT Bolden +24461674.2133 kiwi.cs.ucla.edu Alford 1400794645.392014450
DEBUG:root:(Powell): Existing Client Expired [IAMAT]: kiwi.cs.ucla.edu
DEBUG:root:(Powell): A client disconnected. Current Number of clients: 0
DEBUG:root:Server (Powell) finished initializing on port 12005.
DEBUG:root:(Powell): New client connected. Current Number of clients: 1
DEBUG:root:(Powell): ReceivedAT Bolden +24461759.2837 kiwi.cs.ucla.edu +34.068930-118.445127 1400794645.392014450
DEBUG:root:(Powell): Flood Received:AT Bolden +24461759.2837 kiwi.cs.ucla.edu +34.068930-118.445127 1400794645.392014450
DEBUG:root:(Powell): New Client [IAMAT]: kiwi.cs.ucla.edu
DEBUG:root:(Powell): Flooding to neighbour (Alford)
DEBUG:root:(Powell): Flooding to neighbour (Bolden)
DEBUG:root:(Powell): A client disconnected. Current Number of clients: 0
DEBUG:root:(Powell): New client connected. Current Number of clients: 1
DEBUG:root:(Powell): ReceivedAT Bolden +24461759.2837 kiwi.cs.ucla.edu Alford 1400794645.392014450
DEBUG:root:(Powell): Flood Received:AT Bolden +24461759.2837 kiwi.cs.ucla.edu Alford 1400794645.392014450
DEBUG:root:(Powell): Existing Client Expired [IAMAT]: kiwi.cs.ucla.edu
DEBUG:root:(Powell): A client disconnected. Current Number of clients: 0
DEBUG:root:Server (Powell) finished initializing on port 12005.
DEBUG:root:Server (Powell) finished initializing on port 12005.
DEBUG:root:(Powell): New client connected. Current Number of clients: 1
DEBUG:root:(Powell): ReceivedAT Bolden +24461923.3584 kiwi.cs.ucla.edu +34.068930-118.445127 1400794645.392014450
DEBUG:root:(Powell): Flood Received:AT Bolden +24461923.3584 kiwi.cs.ucla.edu +34.068930-118.445127 1400794645.392014450
DEBUG:root:(Powell): New Client [IAMAT]: kiwi.cs.ucla.edu
DEBUG:root:(Powell): Flooding to neighbour (Alford)
DEBUG:root:(Powell): Flooding to neighbour (Bolden)
DEBUG:root:(Powell): A client disconnected. Current Number of clients: 0
DEBUG:root:(Powell): New client connected. Current Number of clients: 1
DEBUG:root:(Powell): ReceivedAT Bolden +24461923.3584 kiwi.cs.ucla.edu Alford 1400794645.392014450
DEBUG:root:(Powell): Flood Received:AT Bolden +24461923.3584 kiwi.cs.ucla.edu Alford 1400794645.392014450
DEBUG:root:(Powell): Existing Client Expired [IAMAT]: kiwi.cs.ucla.edu
DEBUG:root:(Powell): A client disconnected. Current Number of clients: 0
DEBUG:root:Server (Powell) finished initializing on port 12005.
DEBUG:root:(Powell): New client connected. Current Number of clients: 1
DEBUG:root:(Powell): ReceivedAT Bolden +24462051.5878 kiwi.cs.ucla.edu +34.068930-118.445127 1400794645.392014450
DEBUG:root:(Powell): Flood Received:AT Bolden +24462051.5878 kiwi.cs.ucla.edu +34.068930-118.445127 1400794645.392014450
DEBUG:root:(Powell): New Client [IAMAT]: kiwi.cs.ucla.edu
DEBUG:root:(Powell): Flooding to neighbour (Alford)
DEBUG:root:(Powell): Flooding to neighbour (Bolden)
DEBUG:root:(Powell): A client disconnected. Current Number of clients: 0
DEBUG:root:(Powell): New client connected. Current Number of clients: 1
DEBUG:root:(Powell): ReceivedAT Bolden +24462051.5878 kiwi.cs.ucla.edu Alford 1400794645.392014450
DEBUG:root:(Powell): Flood Received:AT Bolden +24462051.5878 kiwi.cs.ucla.edu Alford 1400794645.392014450
DEBUG:root:(Powell): Existing Client Expired [IAMAT]: kiwi.cs.ucla.edu
DEBUG:root:(Powell): A client disconnected. Current Number of clients: 0
DEBUG:root:Server (Powell) finished initializing on port 12005.
DEBUG:root:(Powell): New client connected. Current Number of clients: 1
DEBUG:root:(Powell): ReceivedAT Bolden +24462209.6697 kiwi.cs.ucla.edu +34.068930-118.445127 1400794645.392014450
DEBUG:root:(Powell): Flood Received:AT Bolden +24462209.6697 kiwi.cs.ucla.edu +34.068930-118.445127 1400794645.392014450
DEBUG:root:(Powell): New Client [IAMAT]: kiwi.cs.ucla.edu
DEBUG:root:(Powell): Flooding to neighbour (Alford)
DEBUG:root:(Powell): Flooding to neighbour (Bolden)
DEBUG:root:(Powell): A client disconnected. Current Number of clients: 0
DEBUG:root:(Powell): New client connected. Current Number of clients: 1
DEBUG:root:(Powell): ReceivedAT Bolden +24462209.6697 kiwi.cs.ucla.edu Alford 1400794645.392014450
DEBUG:root:(Powell): Flood Received:AT Bolden +24462209.6697 kiwi.cs.ucla.edu Alford 1400794645.392014450
DEBUG:root:(Powell): Existing Client Expired [IAMAT]: kiwi.cs.ucla.edu
DEBUG:root:(Powell): A client disconnected. Current Number of clients: 0
